[debug] [2020-11-22T11:30:00.527Z] ----------------------------------------------------------------------
[debug] [2020-11-22T11:30:00.528Z] Command:       /usr/local/bin/node /usr/local/bin/firebase deploy
[debug] [2020-11-22T11:30:00.528Z] CLI Version:   8.16.2
[debug] [2020-11-22T11:30:00.528Z] Platform:      linux
[debug] [2020-11-22T11:30:00.528Z] Node Version:  v12.16.3
[debug] [2020-11-22T11:30:00.529Z] Time:          Sun Nov 22 2020 17:00:00 GMT+0530 (India Standard Time)
[debug] [2020-11-22T11:30:00.529Z] ----------------------------------------------------------------------
[debug] [2020-11-22T11:30:00.529Z] 
[debug] [2020-11-22T11:30:00.533Z] > command requires scopes: ["email","openid","https://www.googleapis.com/auth/cloudplatformprojects.readonly","https://www.googleapis.com/auth/firebase","https://www.googleapis.com/auth/cloud-platform"]
[debug] [2020-11-22T11:30:00.533Z] > authorizing via signed-in user
[debug] [2020-11-22T11:30:00.533Z] [iam] checking project talent-e8b22 for permissions ["cloudfunctions.functions.create","cloudfunctions.functions.delete","cloudfunctions.functions.get","cloudfunctions.functions.list","cloudfunctions.functions.update","cloudfunctions.operations.get","firebase.projects.get","firebasehosting.sites.update"]
[debug] [2020-11-22T11:30:00.534Z] > refreshing access token with scopes: ["email","https://www.googleapis.com/auth/cloud-platform","https://www.googleapis.com/auth/cloudplatformprojects.readonly","https://www.googleapis.com/auth/firebase","openid"]
[debug] [2020-11-22T11:30:00.535Z] >>> HTTP REQUEST POST https://www.googleapis.com/oauth2/v3/token  
 <request body omitted>
[debug] [2020-11-22T11:30:00.804Z] <<< HTTP RESPONSE 200 {"date":"Sun, 22 Nov 2020 11:30:00 GMT","expires":"Mon, 01 Jan 1990 00:00:00 GMT","pragma":"no-cache","cache-control":"no-cache, no-store, max-age=0, must-revalidate","content-type":"application/json; charset=utf-8","vary":"X-Origin, Referer, Origin,Accept-Encoding","server":"scaffolding on HTTPServer2","x-xss-protection":"0","x-frame-options":"SAMEORIGIN","x-content-type-options":"nosniff","alt-svc":"h3-29=\":443\"; ma=2592000,h3-T051=\":443\"; ma=2592000,h3-Q050=\":443\"; ma=2592000,h3-Q046=\":443\"; ma=2592000,h3-Q043=\":443\"; ma=2592000,quic=\":443\"; ma=2592000; v=\"46,43\"","accept-ranges":"none","transfer-encoding":"chunked"}
[debug] [2020-11-22T11:30:00.811Z] >>> HTTP REQUEST POST https://cloudresourcemanager.googleapis.com/v1/projects/talent-e8b22:testIamPermissions  
 {"permissions":["cloudfunctions.functions.create","cloudfunctions.functions.delete","cloudfunctions.functions.get","cloudfunctions.functions.list","cloudfunctions.functions.update","cloudfunctions.operations.get","firebase.projects.get","firebasehosting.sites.update"]}
[debug] [2020-11-22T11:30:02.295Z] <<< HTTP RESPONSE 200 {"content-type":"application/json; charset=UTF-8","vary":"X-Origin, Referer, Origin,Accept-Encoding","date":"Sun, 22 Nov 2020 11:30:02 GMT","server":"ESF","cache-control":"private","x-xss-protection":"0","x-frame-options":"SAMEORIGIN","x-content-type-options":"nosniff","server-timing":"gfet4t7; dur=1290","alt-svc":"h3-29=\":443\"; ma=2592000,h3-T051=\":443\"; ma=2592000,h3-Q050=\":443\"; ma=2592000,h3-Q046=\":443\"; ma=2592000,h3-Q043=\":443\"; ma=2592000,quic=\":443\"; ma=2592000; v=\"46,43\"","accept-ranges":"none","transfer-encoding":"chunked"}
[debug] [2020-11-22T11:30:02.296Z] >>> HTTP REQUEST POST https://iam.googleapis.com/v1/projects/talent-e8b22/serviceAccounts/talent-e8b22@appspot.gserviceaccount.com:testIamPermissions  
 {"permissions":["iam.serviceAccounts.actAs"]}
[debug] [2020-11-22T11:30:04.005Z] <<< HTTP RESPONSE 200 {"content-type":"application/json; charset=UTF-8","vary":"X-Origin, Referer, Origin,Accept-Encoding","date":"Sun, 22 Nov 2020 11:30:03 GMT","server":"ESF","cache-control":"private","x-xss-protection":"0","x-frame-options":"SAMEORIGIN","x-content-type-options":"nosniff","alt-svc":"h3-29=\":443\"; ma=2592000,h3-T051=\":443\"; ma=2592000,h3-Q050=\":443\"; ma=2592000,h3-Q046=\":443\"; ma=2592000,h3-Q043=\":443\"; ma=2592000,quic=\":443\"; ma=2592000; v=\"46,43\"","accept-ranges":"none","transfer-encoding":"chunked"}
[debug] [2020-11-22T11:30:04.007Z] >>> HTTP REQUEST GET https://firebase.googleapis.com/v1beta1/projects/talent-e8b22  
 
[debug] [2020-11-22T11:30:04.418Z] <<< HTTP RESPONSE 200 {"content-type":"application/json; charset=UTF-8","vary":"X-Origin, Referer, Origin,Accept-Encoding","date":"Sun, 22 Nov 2020 11:30:04 GMT","server":"ESF","cache-control":"private","x-xss-protection":"0","x-frame-options":"SAMEORIGIN","x-content-type-options":"nosniff","alt-svc":"h3-29=\":443\"; ma=2592000,h3-T051=\":443\"; ma=2592000,h3-Q050=\":443\"; ma=2592000,h3-Q046=\":443\"; ma=2592000,h3-Q043=\":443\"; ma=2592000,quic=\":443\"; ma=2592000; v=\"46,43\"","accept-ranges":"none","transfer-encoding":"chunked"}
[info] 
[info] === Deploying to 'talent-e8b22'...
[info] 
[info] i  deploying functions, hosting 
[debug] [2020-11-22T11:30:05.585Z] > [functions] package.json contents: {
  "name": "functions",
  "description": "Cloud Functions for Firebase",
  "scripts": {
    "serve": "firebase emulators:start --only functions",
    "shell": "firebase functions:shell",
    "start": "npm run shell",
    "deploy": "firebase deploy --only functions",
    "logs": "firebase functions:log"
  },
  "engines": {
    "node": "12"
  },
  "main": "index.js",
  "dependencies": {
    "@ffmpeg-installer/ffmpeg": "^1.0.20",
    "@google-cloud/storage": "^5.5.0",
    "child-process-promise": "^2.2.1",
    "ffmpeg": "0.0.4",
    "firebase-admin": "^9.2.0",
    "firebase-functions": "^3.11.0",
    "fs-extra": "^9.0.1",
    "mkdirp": "^1.0.4",
    "mkdirp-promise": "^5.0.1"
  },
  "devDependencies": {
    "firebase-functions-test": "^0.2.0"
  },
  "private": true
}
[info] i  functions: ensuring required API cloudfunctions.googleapis.com is enabled... 
[info] i  functions: ensuring required API cloudbuild.googleapis.com is enabled... 
[debug] [2020-11-22T11:30:06.173Z] >>> HTTP REQUEST GET https://serviceusage.googleapis.com/v1/projects/talent-e8b22/services/cloudfunctions.googleapis.com  
 
[debug] [2020-11-22T11:30:06.174Z] >>> HTTP REQUEST GET https://serviceusage.googleapis.com/v1/projects/talent-e8b22/services/runtimeconfig.googleapis.com  
 
[debug] [2020-11-22T11:30:06.174Z] >>> HTTP REQUEST GET https://serviceusage.googleapis.com/v1/projects/talent-e8b22/services/cloudbuild.googleapis.com  
 
